2023-11-24 13:57:11,739 - 
device: 	cuda	
res_dir: 	./results	
ex_name: 	Debug	
use_gpu: 	True	
gpu: 	0	
seed: 	1	
batch_size: 	16	
val_batch_size: 	1	
data_root: 	./data/	
dataname: 	mmnist	
num_workers: 	0	
in_shape: 	[10, 1, 64, 64]	
out_shape: 	[10, 1, 64, 64]	
kernel_size: 	[3, 3, 3, 3]	
hid_channel: 	64	
layer_num: 	4	
reduction: 	2	
layer_config: 	(1, 8, 2, 8)	
group_param: 	(2, 4)	
epochs: 	2001	
log_step: 	1	
lr: 	0.01	
2023-11-24 13:57:45,552 - 
device: 	cuda	
res_dir: 	./results	
ex_name: 	Debug	
use_gpu: 	True	
gpu: 	0	
seed: 	1	
batch_size: 	16	
val_batch_size: 	1	
data_root: 	./data/	
dataname: 	mmnist	
num_workers: 	0	
in_shape: 	[10, 1, 64, 64]	
out_shape: 	[10, 1, 64, 64]	
kernel_size: 	[3, 3, 3, 3]	
hid_channel: 	64	
layer_num: 	4	
reduction: 	2	
layer_config: 	(1, 8, 2, 8)	
group_param: 	(4, 8)	
epochs: 	2001	
log_step: 	1	
lr: 	0.01	
